Array
(
    [case] => deletepost
    [postid] => 9
)
Array
(
    [case] => deletepost
    [postid] => 9
)
Array
(
    [case] => editpost
    [postid] => 5
    [postdesc] => May the blessings of Lord Shiva bring peace to your life. May Shiva bless you with good health and 
)
Array
(
    [case] => editpost
    [postid] => 5
    [postdesc] => May the blessings of Lord Shiva bring peace to your life. May Shiva bless you with good health and prosperity.
)
Array
(
    [case] => getuserpost
    [userid] => 2211
)
Array
(
    [case] => getuserpost
    [userid] => 2139
)
Array
(
    [case] => getuserpost
    [userid] => 2211
)
Array
(
    [case] => getuserpost
    [userid] => 2211
)
Array
(
    [case] => getuserpost
    [userid] => 2139
)
Array
(
    [case] => getuserpost
    [userid] => 2211
)
Array
(
    [case] => getuserpost
    [userid] => 2139
)
Array
(
    [case] => getuserpost
    [userid] => 2139
)
Array
(
    [case] => getuserpost
    [userid] => 2139
)
Array
(
    [case] => getuserpost
    [userid] => 2139
)
Array
(
    [case] => getuserpost
    [userid] => 2139
)
Array
(
    [case] => getuserpost
    [userid] => 2139
)
Array
(
    [case] => getuserpost
    [userid] => 2139
)
Array
(
    [case] => getuserpost
    [userid] => 2139
)
Array
(
    [case] => getuserpost
    [userid] => 2139
)
Array
(
    [case] => getuserpost
    [userid] => 2139
    [offset] => 6
    [more] => 1
)
Array
(
    [case] => getuserpost
    [userid] => 2139
    [offset] => 6
    [more] => 1
)
Array
(
    [case] => getuserpost
    [userid] => 2211
)
Array
(
    [case] => getuserpost
    [userid] => 2211
    [offset] => 6
    [more] => 1
)
Array
(
    [case] => getuserpost
    [userid] => 2211
    [offset] => 6
    [more] => 1
)
Array
(
    [case] => getuserpost
    [userid] => 2211
    [offset] => 6
    [more] => 1
)
Array
(
    [case] => getuserpost
    [userid] => 2211
    [offset] => 6
    [more] => 1
)
Array
(
    [case] => getuserpost
    [userid] => 2211
    [offset] => 6
    [more] => 1
)
Array
(
    [case] => getuserpost
    [userid] => 2211
    [offset] => 6
    [more] => 1
)
Array
(
    [case] => getuserpost
    [userid] => 2211
    [offset] => 6
    [more] => 1
)
Array
(
    [case] => getuserpost
    [userid] => 2211
    [offset] => 6
    [more] => 1
)
Array
(
    [case] => getuserpost
    [userid] => 2211
    [offset] => 6
    [more] => 1
)
Array
(
    [case] => getuserpost
    [userid] => 2211
)
Array
(
    [case] => getuserpost
    [userid] => 2211
    [offset] => 6
    [more] => 1
)
Array
(
    [case] => getuserpost
    [userid] => 2211
    [offset] => 6
    [more] => 1
)
Array
(
    [case] => getuserpost
    [userid] => 2211
    [offset] => 6
    [more] => 1
)
Array
(
    [case] => getuserpost
    [userid] => 2211
    [offset] => 6
    [more] => 1
)
Array
(
    [case] => getuserpost
    [userid] => 2211
    [offset] => 6
    [more] => 1
)
Array
(
    [case] => getuserpost
    [userid] => 2211
    [offset] => 6
    [more] => 1
)
Array
(
    [case] => getuserpost
    [userid] => 2211
    [offset] => 6
    [more] => 1
)
Array
(
    [case] => getuserpost
    [userid] => 2211
    [offset] => 6
    [more] => 1
)
Array
(
    [case] => getuserpost
    [userid] => 2211
    [offset] => 6
    [more] => 1
)
Array
(
    [case] => getuserpost
    [userid] => 2211
)
Array
(
    [case] => getuserpost
    [userid] => 2211
    [offset] => 6
    [more] => 1
)
Array
(
    [case] => getuserpost
    [userid] => 2211
    [offset] => 6
    [more] => 1
)
Array
(
    [case] => getuserpost
    [userid] => 2211
    [offset] => 6
    [more] => 1
)
Array
(
    [case] => getuserpost
    [userid] => 2211
    [offset] => 6
    [more] => 1
)
Array
(
    [case] => getuserpost
    [userid] => 2211
)
Array
(
    [case] => getuserpost
    [userid] => 2211
    [offset] => 6
    [more] => 1
)
Array
(
    [case] => getuserpost
    [userid] => 2211
    [offset] => 6
    [more] => 1
)
Array
(
    [case] => getuserpost
    [userid] => 2211
)
Array
(
    [case] => getuserpost
    [userid] => 2211
    [offset] => 6
    [more] => 1
)
Array
(
    [case] => getuserpost
    [userid] => 2211
    [offset] => 6
    [more] => 1
)
Array
(
    [case] => getuserpost
    [userid] => 2211
    [offset] => 6
    [more] => 1
)
Array
(
    [case] => getuserpost
    [userid] => 2139
)
Array
(
    [case] => getuserpost
    [userid] => 2139
)
Array
(
    [case] => getuserpost
    [userid] => 2139
    [offset] => 6
    [more] => 1
)
Array
(
    [case] => getuserpost
    [userid] => 2139
    [offset] => 6
    [more] => 1
)
Array
(
    [case] => getuserpost
    [userid] => 2139
    [offset] => 6
    [more] => 1
)
Array
(
    [case] => getuserpost
    [userid] => 2139
    [offset] => 6
    [more] => 1
)
Array
(
    [case] => getuserpost
    [userid] => 2139
    [offset] => 6
    [more] => 1
)
Array
(
    [case] => getuserpost
    [userid] => 2139
    [offset] => 6
    [more] => 1
)
Array
(
    [case] => getuserpost
    [userid] => 2139
    [offset] => 6
    [more] => 1
)
Array
(
    [case] => getuserpost
    [userid] => 2139
    [offset] => 6
    [more] => 1
)
Array
(
    [case] => getuserpost
    [userid] => 2139
    [offset] => 6
    [more] => 1
)
Array
(
    [case] => getuserpost
    [userid] => 2139
    [offset] => 6
    [more] => 1
)
Array
(
    [case] => getuserpost
    [userid] => 2139
    [offset] => 6
    [more] => 1
)
Array
(
    [case] => getuserpost
    [userid] => 2139
)
Array
(
    [case] => getuserpost
    [userid] => 2139
    [offset] => 6
    [more] => 1
)
Array
(
    [case] => getuserpost
    [userid] => 2139
    [offset] => 6
    [more] => 1
)
Array
(
    [case] => getuserpost
    [userid] => 2139
    [offset] => 6
    [more] => 1
)
Array
(
    [case] => getuserpost
    [userid] => 2139
)
Array
(
    [case] => getuserpost
    [userid] => 2139
    [offset] => 6
    [more] => 1
)
Array
(
    [case] => getuserpost
    [userid] => 2139
    [offset] => 6
    [more] => 1
)
Array
(
    [case] => getuserpost
    [userid] => 2139
    [offset] => 6
    [more] => 1
)
Array
(
    [case] => getuserpost
    [userid] => 2139
    [offset] => 6
    [more] => 1
)
Array
(
    [case] => getuserpost
    [userid] => 2139
    [offset] => 6
    [more] => 1
)
Array
(
    [case] => getuserpost
    [userid] => 2139
    [offset] => 6
    [more] => 1
)
Array
(
    [case] => getuserpost
    [userid] => 2139
)
Array
(
    [case] => getuserpost
    [userid] => 2139
    [offset] => 6
    [more] => 1
)
Array
(
    [case] => getuserpost
    [userid] => 2139
    [offset] => 6
    [more] => 1
)
Array
(
    [case] => getuserpost
    [userid] => 2139
    [offset] => 6
    [more] => 1
)
Array
(
    [case] => getuserpost
    [userid] => 2139
    [offset] => 6
    [more] => 1
)
Array
(
    [case] => getuserpost
    [userid] => 2139
    [offset] => 6
    [more] => 1
)
Array
(
    [case] => getuserpost
    [userid] => 2139
    [offset] => 6
    [more] => 1
)
Array
(
    [case] => getuserpost
    [userid] => 2139
    [offset] => 6
    [more] => 1
)
Array
(
    [case] => getuserpost
    [userid] => 2139
)
Array
(
    [case] => getuserpost
    [userid] => 2139
    [offset] => 6
    [more] => 1
)
Array
(
    [case] => getuserpost
    [userid] => 2139
    [offset] => 6
    [more] => 1
)
Array
(
    [case] => getuserpost
    [userid] => 2139
    [offset] => 6
    [more] => 1
)
Array
(
    [case] => getuserpost
    [userid] => 2139
    [offset] => 6
    [more] => 1
)
Array
(
    [case] => getuserpost
    [userid] => 2139
    [offset] => 6
    [more] => 1
)
Array
(
    [case] => getuserpost
    [userid] => 2139
    [offset] => 6
    [more] => 1
)
Array
(
    [case] => getuserpost
    [userid] => 2139
    [offset] => 6
    [more] => 1
)
Array
(
    [case] => getuserpost
    [userid] => 2139
    [offset] => 6
    [more] => 1
)
Array
(
    [case] => getuserpost
    [userid] => 2139
    [offset] => 6
    [more] => 1
)
Array
(
    [case] => getuserpost
    [userid] => 2139
    [offset] => 6
    [more] => 1
)
Array
(
    [case] => getuserpost
    [userid] => 2139
    [offset] => 6
    [more] => 1
)
Array
(
    [case] => getuserpost
    [userid] => 2139
    [offset] => 6
    [more] => 1
)
Array
(
    [case] => getuserpost
    [userid] => 2139
    [offset] => 6
    [more] => 1
)
Array
(
    [case] => getuserpost
    [userid] => 2139
    [offset] => 6
    [more] => 1
)
Array
(
    [case] => getuserpost
    [userid] => 2139
    [offset] => 6
    [more] => 1
)
Array
(
    [case] => getuserpost
    [userid] => 2139
    [offset] => 6
    [more] => 1
)
Array
(
    [case] => getuserpost
    [userid] => 2139
    [offset] => 6
    [more] => 1
)
Array
(
    [case] => getuserpost
    [userid] => 2139
    [offset] => 6
    [more] => 1
)
Array
(
    [case] => getuserpost
    [userid] => 2139
    [offset] => 6
    [more] => 1
)
Array
(
    [case] => getuserpost
    [userid] => 2139
    [offset] => 6
    [more] => 1
)
Array
(
    [case] => getuserpost
    [userid] => 2139
    [offset] => 6
    [more] => 1
)
Array
(
    [case] => getuserpost
    [userid] => 2139
    [offset] => 6
    [more] => 1
)
Array
(
    [case] => getuserpost
    [userid] => 2139
)
Array
(
    [case] => getuserpost
    [userid] => 2139
    [offset] => 6
    [more] => 1
)
Array
(
    [case] => getuserpost
    [userid] => 2139
    [offset] => 6
    [more] => 1
)
Array
(
    [case] => getuserpost
    [userid] => 2139
    [offset] => 6
    [more] => 1
)
Array
(
    [case] => getuserpost
    [userid] => 2139
    [offset] => 6
    [more] => 1
)
Array
(
    [case] => getuserpost
    [userid] => 2139
    [offset] => 6
    [more] => 1
)
Array
(
    [case] => getuserpost
    [userid] => 2139
    [offset] => 6
    [more] => 1
)
Array
(
    [case] => getuserpost
    [userid] => 2139
    [offset] => 6
    [more] => 1
)
Array
(
    [case] => getuserpost
    [userid] => 2139
    [offset] => 6
    [more] => 1
)
Array
(
    [case] => getuserpost
    [userid] => 2139
    [offset] => 6
    [more] => 1
)
Array
(
    [case] => getuserpost
    [userid] => 2139
)
Array
(
    [case] => getuserpost
    [userid] => 2139
    [offset] => 6
    [more] => 1
)
Array
(
    [case] => getuserpost
    [userid] => 2139
    [offset] => 6
    [more] => 1
)
Array
(
    [case] => getuserpost
    [userid] => 2139
    [offset] => 6
    [more] => 1
)
Array
(
    [case] => getuserpost
    [userid] => 2139
    [offset] => 6
    [more] => 1
)
Array
(
    [case] => getuserpost
    [userid] => 2139
    [offset] => 6
    [more] => 1
)
Array
(
    [case] => getuserpost
    [userid] => 2139
    [offset] => 6
    [more] => 1
)
Array
(
    [case] => getuserpost
    [userid] => 2139
    [offset] => 6
    [more] => 1
)
Array
(
    [case] => getuserpost
    [userid] => 2139
    [offset] => 6
    [more] => 1
)
Array
(
    [case] => getuserpost
    [userid] => 2139
    [offset] => 6
    [more] => 1
)
Array
(
    [case] => getuserpost
    [userid] => 2139
)
Array
(
    [case] => getuserpost
    [userid] => 2139
    [offset] => 6
    [more] => 1
)
Array
(
    [case] => getuserpost
    [userid] => 2139
    [offset] => 6
    [more] => 1
)
Array
(
    [case] => getuserpost
    [userid] => 2139
    [offset] => 6
    [more] => 1
)
Array
(
    [case] => getuserpost
    [userid] => 2139
    [offset] => 6
    [more] => 1
)
Array
(
    [case] => getuserpost
    [userid] => 2139
    [offset] => 6
    [more] => 1
)
Array
(
    [case] => getuserpost
    [userid] => 2139
    [offset] => 6
    [more] => 1
)
Array
(
    [case] => getuserpost
    [userid] => 2139
    [offset] => 6
    [more] => 1
)
Array
(
    [case] => getuserpost
    [userid] => 2139
    [offset] => 6
    [more] => 1
)
Array
(
    [case] => getuserpost
    [userid] => 2139
    [offset] => 6
    [more] => 1
)
Array
(
    [case] => getuserpost
    [userid] => 2139
    [offset] => 6
    [more] => 1
)
Array
(
    [case] => getuserpost
    [userid] => 2139
    [offset] => 6
    [more] => 1
)
Array
(
    [case] => getuserpost
    [userid] => 2139
    [offset] => 6
    [more] => 1
)
Array
(
    [case] => getuserpost
    [userid] => 2139
    [offset] => 6
    [more] => 1
)
Array
(
    [case] => getuserpost
    [userid] => 2139
    [offset] => 6
    [more] => 1
)
Array
(
    [case] => getuserpost
    [userid] => 2139
    [offset] => 6
    [more] => 1
)
Array
(
    [case] => getuserpost
    [userid] => 2139
    [offset] => 6
    [more] => 1
)
Array
(
    [case] => getuserpost
    [userid] => 2139
)
Array
(
    [case] => getuserpost
    [userid] => 2139
    [offset] => 6
    [more] => 1
)
Array
(
    [case] => getuserpost
    [userid] => 2139
    [offset] => 6
    [more] => 1
)
Array
(
    [case] => getuserpost
    [userid] => 2139
    [offset] => 6
    [more] => 1
)
Array
(
    [case] => getuserpost
    [userid] => 2139
)
Array
(
    [case] => getuserpost
    [userid] => 2139
    [offset] => 6
    [more] => 1
)
Array
(
    [case] => getuserpost
    [userid] => 2139
    [offset] => 6
    [more] => 1
)
Array
(
    [case] => getuserpost
    [userid] => 2139
)
Array
(
    [case] => getuserpost
    [userid] => 2139
    [offset] => 6
    [more] => 1
)
Array
(
    [case] => getuserpost
    [userid] => 2139
    [offset] => 6
    [more] => 1
)
Array
(
    [case] => getuserpost
    [userid] => 2139
    [offset] => 6
    [more] => 1
)
Array
(
    [case] => getuserpost
    [userid] => 2139
)
Array
(
    [case] => getuserpost
    [userid] => 2139
    [offset] => 6
    [more] => 1
)
Array
(
    [case] => getuserpost
    [userid] => 2139
    [offset] => 6
    [more] => 1
)
Array
(
    [case] => getuserpost
    [userid] => 2211
)
Array
(
    [case] => getuserpost
    [userid] => 2211
)
Array
(
    [case] => getuserpost
    [userid] => 2211
    [offset] => 6
    [more] => 1
)
Array
(
    [case] => getuserpost
    [userid] => 2211
    [offset] => 6
    [more] => 1
)
Array
(
    [case] => getuserpost
    [userid] => 2211
    [offset] => 6
    [more] => 1
)
Array
(
    [case] => getuserpost
    [userid] => 2211
    [offset] => 6
    [more] => 1
)
Array
(
    [case] => getuserpost
    [userid] => 2211
    [offset] => 6
    [more] => 1
)
Array
(
    [case] => getuserpost
    [userid] => 2211
    [offset] => 6
    [more] => 1
)
Array
(
    [case] => getuserpost
    [userid] => 2211
)
Array
(
    [case] => getuserpost
    [userid] => 2211
    [offset] => 6
    [more] => 1
)
Array
(
    [case] => getuserpost
    [userid] => 2211
    [offset] => 6
    [more] => 1
)
Array
(
    [case] => getuserpost
    [userid] => 2211
    [offset] => 6
    [more] => 1
)
Array
(
    [case] => getuserpost
    [userid] => 2211
    [offset] => 6
    [more] => 1
)
Array
(
    [case] => getuserpost
    [userid] => 2211
    [offset] => 6
    [more] => 1
)
Array
(
    [case] => getuserpost
    [userid] => 2211
    [offset] => 6
    [more] => 1
)
Array
(
    [case] => getuserpost
    [userid] => 2211
    [offset] => 6
    [more] => 1
)
Array
(
    [case] => getuserpost
    [userid] => 2211
    [offset] => 6
    [more] => 1
)
Array
(
    [case] => getuserpost
    [userid] => 2211
    [offset] => 6
    [more] => 1
)
Array
(
    [case] => getuserpost
    [userid] => 2211
)
Array
(
    [case] => getuserpost
    [userid] => 2211
    [offset] => 6
    [more] => 1
)
Array
(
    [case] => getuserpost
    [userid] => 2211
    [offset] => 6
    [more] => 1
)
Array
(
    [case] => getuserpost
    [userid] => 2211
    [offset] => 6
    [more] => 1
)
Array
(
    [case] => getuserpost
    [userid] => 2211
)
Array
(
    [case] => getuserpost
    [userid] => 2211
)
Array
(
    [case] => getuserpost
    [userid] => 2211
    [offset] => 6
    [more] => 1
)
Array
(
    [case] => getuserpost
    [userid] => 2211
    [offset] => 6
    [more] => 1
)
Array
(
    [case] => getuserpost
    [userid] => 2211
    [offset] => 6
    [more] => 1
)
Array
(
    [case] => getuserpost
    [userid] => 2211
)
Array
(
    [case] => getuserpost
    [userid] => 2211
)
Array
(
    [case] => getuserpost
    [userid] => 2211
    [offset] => 6
    [more] => 1
)
Array
(
    [case] => getuserpost
    [userid] => 2211
    [offset] => 6
    [more] => 1
)
Array
(
    [case] => getuserpost
    [userid] => 2211
)
Array
(
    [case] => getuserpost
    [userid] => 2211
    [offset] => 6
    [more] => 1
)
Array
(
    [case] => getuserpost
    [userid] => 2211
    [offset] => 6
    [more] => 1
)
Array
(
    [case] => getuserpost
    [userid] => 2211
)
Array
(
    [case] => getuserpost
    [userid] => 2211
)
Array
(
    [case] => getuserpost
    [userid] => 2211
    [offset] => 6
    [more] => 1
)
Array
(
    [case] => getuserpost
    [userid] => 2211
    [offset] => 6
    [more] => 1
)
Array
(
    [case] => getuserpost
    [userid] => 2211
)
Array
(
    [case] => getuserpost
    [userid] => 2211
    [offset] => 6
    [more] => 1
)
Array
(
    [case] => getuserpost
    [userid] => 2211
    [offset] => 6
    [more] => 1
)
Array
(
    [case] => getuserpost
    [userid] => 2211
)
Array
(
    [case] => getuserpost
    [userid] => 2211
    [offset] => 6
    [more] => 1
)
Array
(
    [case] => getuserpost
    [userid] => 2211
)
Array
(
    [case] => getuserpost
    [userid] => 2211
)
Array
(
    [case] => getuserpost
    [userid] => 2211
    [offset] => 6
    [more] => 1
)
Array
(
    [case] => getuserpost
    [userid] => 2211
    [offset] => 6
    [more] => 1
)
Array
(
    [case] => getuserpost
    [userid] => 2211
    [offset] => 6
    [more] => 1
)
Array
(
    [case] => getuserpost
    [userid] => 2211
    [offset] => 6
    [more] => 1
)
Array
(
    [case] => getuserpost
    [userid] => 2211
    [offset] => 6
    [more] => 1
)
Array
(
    [case] => getuserpost
    [userid] => 2211
    [offset] => 6
    [more] => 1
)
Array
(
    [case] => getuserpost
    [userid] => 2211
    [offset] => 6
    [more] => 1
)
Array
(
    [case] => getuserpost
    [userid] => 2211
    [offset] => 6
    [more] => 1
)
Array
(
    [case] => getuserpost
    [userid] => 2211
    [offset] => 6
    [more] => 1
)
Array
(
    [case] => getuserpost
    [userid] => 2211
    [offset] => 6
    [more] => 1
)
Array
(
    [case] => getuserpost
    [userid] => 2211
    [offset] => 6
    [more] => 1
)
Array
(
    [case] => getuserpost
    [userid] => 2211
    [offset] => 6
    [more] => 1
)
Array
(
    [case] => getuserpost
    [userid] => 2211
    [offset] => 6
    [more] => 1
)
Array
(
    [case] => getuserpost
    [userid] => 2211
    [offset] => 6
    [more] => 1
)
Array
(
    [case] => getuserpost
    [userid] => 2211
    [offset] => 6
    [more] => 1
)
Array
(
    [case] => getuserpost
    [userid] => 2211
    [offset] => 6
    [more] => 1
)
Array
(
    [case] => getuserpost
    [userid] => 2211
    [offset] => 6
    [more] => 1
)
Array
(
    [case] => getuserpost
    [userid] => 2211
    [offset] => 6
    [more] => 1
)
Array
(
    [case] => getuserpost
    [userid] => 2211
    [offset] => 6
    [more] => 1
)
Array
(
    [case] => getuserpost
    [userid] => 2211
    [offset] => 6
    [more] => 1
)
Array
(
    [case] => getuserpost
    [userid] => 2211
)
Array
(
    [case] => getuserpost
    [userid] => 2211
)
Array
(
    [case] => getuserpost
    [userid] => 2211
)
Array
(
    [case] => getuserpost
    [userid] => 2211
)
Array
(
    [case] => getuserpost
    [userid] => 2211
)
Array
(
    [case] => getuserpost
    [userid] => 2211
)
Array
(
    [case] => getuserpost
    [userid] => 2211
)
Array
(
    [case] => getuserpost
    [userid] => 2211
)
Array
(
    [case] => getuserpost
    [userid] => 2211
)
Array
(
    [case] => getuserpost
    [userid] => 2139
)
Array
(
    [case] => getuserpost
    [userid] => 2211
)
Array
(
    [case] => getuserpost
    [userid] => 2139
)
Array
(
    [case] => editpost
    [postid] => 4
    [postdesc] => Shiva, the destroyer of evil, the creator of bliss, the eternal teacher, leads us to the ultimate 
)
Array
(
    [case] => editpost
    [postid] => 4
    [postdesc] => Shiva, the destroyer of evil, the creator of bliss, the eternal teacher, leads us to the ultimate 
)
Array
(
    [case] => editpost
    [postid] => 4
    [postdesc] => Shiva, the destroyer of evil, the creator of bliss, the eternal teacher, leads us to the ultimate 
)
Array
(
    [case] => editpost
    [postid] => 4
    [postdesc] => Shiva, the destroyer of evil, the creator of bliss, the eternal teacher, leads us to the ultimate truth.
)
Array
(
    [case] => deletepost
    [postid] => 7
)
Array
(
    [case] => deletepost
    [postid] => 8
)
Array
(
    [case] => getuserpost
    [userid] => 2211
)
Array
(
    [case] => getuserpost
    [userid] => 2211
)
Array
(
    [case] => getuserpost
    [userid] => 2211
)
Array
(
    [case] => deletepost
    [postid] => 8
)
Array
(
    [case] => getuserpost
    [userid] => 2139
)
Array
(
    [case] => deletepost
    [postid] => 8
)
Array
(
    [case] => getuserpost
    [userid] => 197
)
Array
(
    [case] => getuserpost
    [userid] => 197
)
Array
(
    [case] => getuserpost
    [userid] => 197
)
Array
(
    [case] => getuserpost
    [userid] => 197
)
Array
(
    [case] => getuserpost
    [userid] => 197
)
Array
(
    [case] => getuserpost
    [userid] => 197
)
Array
(
    [case] => getuserpost
    [userid] => 197
)
Array
(
    [case] => deletepost
    [postid] => 8
)
Array
(
    [case] => getuserpost
    [userid] => 2139
)
Array
(
    [case] => getuserpost
    [userid] => 2139
)
Array
(
    [case] => getuserpost
    [userid] => 197
)
Array
(
    [case] => getuserpost
    [userid] => 197
)
Array
(
    [case] => getuserpost
    [userid] => 2245
)
Array
(
    [case] => getuserpost
    [userid] => 2254
)
Array
(
    [case] => getuserpost
    [userid] => 2254
)
Array
(
    [case] => getuserpost
    [userid] => 2254
)
Array
(
    [case] => getuserpost
    [userid] => 2142
)
Array
(
    [case] => getuserpost
    [userid] => 2131
)
Array
(
    [case] => getuserpost
    [userid] => 2052
)
Array
(
    [case] => getuserpost
    [userid] => 2254
)
Array
(
    [case] => getuserpost
    [userid] => 2254
)
Array
(
    [case] => getuserpost
    [userid] => 2254
)
Array
(
    [case] => getuserpost
    [userid] => 2254
)
Array
(
    [case] => getuserpost
    [userid] => 1980
)
Array
(
    [case] => getuserpost
    [userid] => 1980
)
Array
(
    [case] => getuserpost
    [userid] => 1980
)
Array
(
    [case] => getuserpost
    [userid] => 1167
)
Array
(
    [case] => getuserpost
    [userid] => 1224
)
Array
(
    [case] => getuserpost
    [userid] => 1221
)
Array
(
    [case] => getuserpost
    [userid] => 1273
)
Array
(
    [case] => getuserpost
    [userid] => 1273
)
Array
(
    [case] => getuserpost
    [userid] => 917
)
Array
(
    [case] => getuserpost
    [userid] => 917
)
Array
(
    [case] => getuserpost
    [userid] => 919
)
Array
(
    [case] => getuserpost
    [userid] => 920
)
Array
(
    [case] => getuserpost
    [userid] => 605
)
Array
(
    [case] => getuserpost
    [userid] => 394
)
Array
(
    [case] => getuserpost
    [userid] => 2254
)
Array
(
    [case] => getuserpost
    [userid] => 401
)
Array
(
    [case] => getuserpost
    [userid] => 2245
)
Array
(
    [case] => getuserpost
    [userid] => 550
)
Array
(
    [case] => getuserpost
    [userid] => 550
)
Array
(
    [case] => getuserpost
    [userid] => 614
)
Array
(
    [case] => getuserpost
    [userid] => 614
)
Array
(
    [case] => getuserpost
    [userid] => 577
)
Array
(
    [case] => getuserpost
    [userid] => 2245
)
Array
(
    [case] => getuserpost
    [userid] => 2133
)
Array
(
    [case] => getuserpost
    [userid] => 2131
)
Array
(
    [case] => getuserpost
    [userid] => 2192
)
Array
(
    [case] => getuserpost
    [userid] => 550
)
Array
(
    [case] => getuserpost
    [userid] => 2131
)
Array
(
    [case] => getuserpost
    [userid] => 2192
)
Array
(
    [case] => getuserpost
    [userid] => 2254
)
Array
(
    [case] => getuserpost
    [userid] => 2254
)
Array
(
    [case] => getuserpost
    [userid] => 2254
)
Array
(
    [case] => getuserpost
    [userid] => 2131
)
Array
(
    [case] => getuserpost
    [userid] => 2137
)
Array
(
    [case] => getuserpost
    [userid] => 2131
)
Array
(
    [case] => getuserpost
    [userid] => 197
)
Array
(
    [case] => getuserpost
    [userid] => 197
)
Array
(
    [case] => getuserpost
    [userid] => 197
)
Array
(
    [case] => getuserpost
    [userid] => 2254
)
Array
(
    [case] => getuserpost
    [userid] => 2245
)
Array
(
    [case] => getuserpost
    [userid] => 2245
)
Array
(
    [case] => getuserpost
    [userid] => 2131
)
Array
(
    [case] => deletepost
    [postid] => 8
)
Array
(
    [case] => getuserpost
    [userid] => 2139
)
Array
(
    [case] => getuserpost
    [userid] => 2139
)
Array
(
    [case] => getuserpost
    [userid] => 197
)
Array
(
    [case] => getuserpost
    [userid] => 2211
)
Array
(
    [case] => getuserpost
    [userid] => 2211
)
Array
(
    [case] => getuserpost
    [userid] => 197
)
Array
(
    [case] => deletepost
    [postid] => 7
)
Array
(
    [case] => getuserpost
    [userid] => 2139
)
Array
(
    [case] => editpost
    [postid] => 4
    [postdesc] => Shiva, the destroyer of evil, the creator of bliss, the eternal teacher, leads us to the ultimate truth
)
Array
(
    [case] => editpost
    [postid] => 4
    [postdesc] => Shiva, the destroyer of evil, the creator of bliss, the eternal teacher, leads us to the ultimate truth
)
Array
(
    [case] => editpost
    [postid] => 4
    [postdesc] => Shiva, the destroyer of evil, the creator of bliss, the eternal teacher, leads us to the ultimate truth
)
Array
(
    [case] => getuserpost
    [userid] => 2211
)
Array
(
    [case] => getuserpost
    [userid] => 2211
)
Request Method: POST
Request Method: POST
JSON Payload: Array
(
    [case] => editpost
    [postid] => 10
    [postdesc] => Om Namah Shivaya
)

Request Method: POST
JSON Payload: Array
(
    [case] => deletepost
    [postid] => 10
)

Request Method: POST
JSON Payload: Array
(
    [case] => deletepost
    [postid] => 10
)

Request Method: POST
Request Method: POST
JSON Payload: Array
(
    [case] => deletepost
    [postid] => 11
)

Request Method: POST
JSON Payload: Array
(
    [case] => getuserpost
    [userid] => 2211
)

Request Method: POST
JSON Payload: Array
(
    [case] => getuserpost
    [userid] => 2211
)

Request Method: POST
JSON Payload: Array
(
    [case] => getuserpost
    [userid] => 2192
)

Request Method: POST
JSON Payload: Array
(
    [case] => getuserpost
    [userid] => 2192
)

Request Method: POST
JSON Payload: Array
(
    [case] => getuserpost
    [userid] => 2237
)

Request Method: POST
JSON Payload: Array
(
    [case] => getuserpost
    [userid] => 2254
)

Request Method: POST
JSON Payload: Array
(
    [case] => getuserpost
    [userid] => 2139
)

Request Method: POST
JSON Payload: Array
(
    [case] => getuserpost
    [userid] => 2142
)

Request Method: POST
JSON Payload: Array
(
    [case] => getuserpost
    [userid] => 2192
)

Request Method: POST
JSON Payload: Array
(
    [case] => getuserpost
    [userid] => 2237
)

Request Method: POST
JSON Payload: 
Request Method: POST
Request Method: POST
JSON Payload: Array
(
    [case] => getuserpost
    [userid] => 197
)

Request Method: POST
JSON Payload: Array
(
    [case] => deletepost
    [postid] => 12
)

Request Method: POST
JSON Payload: Array
(
    [case] => getuserpost
    [userid] => 2139
)

Request Method: POST
JSON Payload: Array
(
    [case] => getuserpost
    [userid] => 2241
)

Request Method: POST
JSON Payload: Array
(
    [case] => getuserpost
    [userid] => 2137
)

Request Method: POST
JSON Payload: Array
(
    [case] => getuserpost
    [userid] => 2241
)

Request Method: POST
JSON Payload: Array
(
    [case] => getuserpost
    [userid] => 403
)

Request Method: POST
JSON Payload: Array
(
    [case] => getuserpost
    [userid] => 197
)

Request Method: POST
JSON Payload: Array
(
    [case] => getuserpost
    [userid] => 197
)

Request Method: POST
JSON Payload: Array
(
    [case] => getuserpost
    [userid] => 197
)

Request Method: POST
JSON Payload: Array
(
    [case] => getuserpost
    [userid] => 197
)

Request Method: POST
JSON Payload: Array
(
    [case] => getuserpost
    [userid] => 197
)

Request Method: POST
Request Method: POST
JSON Payload: Array
(
    [case] => getuserpost
    [userid] => 197
)

Request Method: POST
JSON Payload: Array
(
    [case] => getuserpost
    [userid] => 197
)

Request Method: POST
JSON Payload: Array
(
    [case] => editpost
    [postid] => 13
    [postdesc] => Om Namah Shivay !
)

Request Method: POST
JSON Payload: Array
(
    [case] => getuserpost
    [userid] => 2137
)

Request Method: POST
JSON Payload: Array
(
    [case] => getuserpost
    [userid] => 2142
)

Request Method: POST
JSON Payload: Array
(
    [case] => getuserpost
    [userid] => 2211
)

Request Method: POST
JSON Payload: Array
(
    [case] => getuserpost
    [userid] => 2137
)

Request Method: POST
JSON Payload: Array
(
    [case] => getuserpost
    [userid] => 2142
)

Request Method: POST
JSON Payload: Array
(
    [case] => getuserpost
    [userid] => 2241
)

Request Method: POST
JSON Payload: Array
(
    [case] => getuserpost
    [userid] => 2243
)

Request Method: POST
JSON Payload: Array
(
    [case] => deletepost
    [postid] => 7
)

Request Method: POST
Request Method: POST
JSON Payload: Array
(
    [case] => getuserpost
    [userid] => 197
)

Request Method: POST
JSON Payload: Array
(
    [case] => getuserpost
    [userid] => 197
)

Request Method: POST
JSON Payload: Array
(
    [case] => getuserpost
    [userid] => 197
)

Request Method: POST
Request Method: POST
JSON Payload: Array
(
    [case] => getuserpost
    [userid] => 2139
)

Request Method: POST
JSON Payload: Array
(
    [case] => getuserpost
    [userid] => 2139
)

Request Method: POST
JSON Payload: Array
(
    [case] => getuserpost
    [userid] => 197
)

Request Method: POST
JSON Payload: Array
(
    [case] => getuserpost
    [userid] => 2215
)

Request Method: POST
JSON Payload: Array
(
    [case] => getuserpost
    [userid] => 2215
)

Request Method: POST
JSON Payload: Array
(
    [case] => getuserpost
    [userid] => 2215
)

Request Method: POST
JSON Payload: Array
(
    [case] => getuserpost
    [userid] => 2215
)

Request Method: POST
JSON Payload: Array
(
    [case] => getuserpost
    [userid] => 2215
)

Request Method: POST
JSON Payload: Array
(
    [case] => getuserpost
    [userid] => 197
)

Request Method: POST
JSON Payload: Array
(
    [case] => getuserpost
    [userid] => 197
)

Request Method: POST
JSON Payload: Array
(
    [case] => getuserpost
    [userid] => 197
)

Request Method: POST
JSON Payload: Array
(
    [case] => getuserpost
    [userid] => 197
)

Request Method: POST
JSON Payload: Array
(
    [case] => getuserpost
    [userid] => 2215
)

Request Method: POST
JSON Payload: Array
(
    [case] => getuserpost
    [userid] => 2192
)

Request Method: POST
JSON Payload: Array
(
    [case] => getuserpost
    [userid] => 2131
)

Request Method: POST
JSON Payload: Array
(
    [case] => getuserpost
    [userid] => 1387
)

Request Method: POST
JSON Payload: Array
(
    [case] => getuserpost
    [userid] => 1328
)

Request Method: POST
JSON Payload: Array
(
    [case] => getuserpost
    [userid] => 1221
)

Request Method: POST
JSON Payload: Array
(
    [case] => getuserpost
    [userid] => 1224
)

Request Method: POST
JSON Payload: Array
(
    [case] => getuserpost
    [userid] => 2137
)

Request Method: POST
JSON Payload: Array
(
    [case] => getuserpost
    [userid] => 2131
)

Request Method: POST
JSON Payload: Array
(
    [case] => getuserpost
    [userid] => 2131
)

Request Method: POST
JSON Payload: Array
(
    [case] => getuserpost
    [userid] => 919
)

Request Method: POST
JSON Payload: Array
(
    [case] => getuserpost
    [userid] => 197
)

Request Method: POST
JSON Payload: Array
(
    [case] => getuserpost
    [userid] => 197
)

Request Method: POST
JSON Payload: Array
(
    [case] => getuserpost
    [userid] => 197
)

Request Method: POST
JSON Payload: Array
(
    [case] => getuserpost
    [userid] => 197
)

Request Method: POST
JSON Payload: Array
(
    [case] => getuserpost
    [userid] => 197
)

Request Method: POST
JSON Payload: Array
(
    [case] => getuserpost
    [userid] => 2254
)

Request Method: POST
JSON Payload: Array
(
    [case] => getuserpost
    [userid] => 2245
)

Request Method: POST
JSON Payload: Array
(
    [case] => getuserpost
    [userid] => 2237
)

Request Method: POST
JSON Payload: Array
(
    [case] => getuserpost
    [userid] => 2192
)

Request Method: POST
JSON Payload: Array
(
    [case] => getuserpost
    [userid] => 2142
)

Request Method: POST
JSON Payload: Array
(
    [case] => getuserpost
    [userid] => 197
)

Request Method: POST
JSON Payload: Array
(
    [case] => getuserpost
    [userid] => 2211
)

Request Method: POST
JSON Payload: Array
(
    [case] => getuserpost
    [userid] => 2254
)

Request Method: POST
JSON Payload: Array
(
    [case] => getuserpost
    [userid] => 2245
)

Request Method: POST
JSON Payload: Array
(
    [case] => getuserpost
    [userid] => 2192
)

Request Method: POST
JSON Payload: Array
(
    [case] => getuserpost
    [userid] => 1342
)

Request Method: POST
JSON Payload: Array
(
    [case] => getuserpost
    [userid] => 1387
)

Request Method: POST
JSON Payload: Array
(
    [case] => getuserpost
    [userid] => 2211
)

Request Method: POST
JSON Payload: Array
(
    [case] => getuserpost
    [userid] => 2258
)

Request Method: POST
JSON Payload: Array
(
    [case] => getuserpost
    [userid] => 2215
)

Request Method: POST
JSON Payload: Array
(
    [case] => getuserpost
    [userid] => 1412
)

Request Method: POST
JSON Payload: Array
(
    [case] => getuserpost
    [userid] => 2215
)

Request Method: POST
JSON Payload: Array
(
    [case] => getuserpost
    [userid] => 197
)

Request Method: POST
JSON Payload: Array
(
    [case] => getuserpost
    [userid] => 2252
)

Request Method: POST
JSON Payload: Array
(
    [case] => getuserpost
    [userid] => 2251
)

Request Method: POST
JSON Payload: Array
(
    [case] => getuserpost
    [userid] => 2250
)

Request Method: POST
JSON Payload: Array
(
    [case] => getuserpost
    [userid] => 2241
)

Request Method: POST
JSON Payload: Array
(
    [case] => getuserpost
    [userid] => 2251
)

Request Method: POST
JSON Payload: Array
(
    [case] => getuserpost
    [userid] => 197
)

Request Method: POST
JSON Payload: Array
(
    [case] => getuserpost
    [userid] => 2215
)

Request Method: POST
JSON Payload: Array
(
    [case] => getuserpost
    [userid] => 403
)

Request Method: POST
JSON Payload: Array
(
    [case] => getuserpost
    [userid] => 2252
)

Request Method: POST
JSON Payload: Array
(
    [case] => getuserpost
    [userid] => 2251
)

Request Method: POST
JSON Payload: Array
(
    [case] => getuserpost
    [userid] => 2250
)

Request Method: POST
JSON Payload: Array
(
    [case] => getuserpost
    [userid] => 2249
)

Request Method: POST
JSON Payload: Array
(
    [case] => getuserpost
    [userid] => 2243
)

Request Method: POST
JSON Payload: Array
(
    [case] => getuserpost
    [userid] => 2241
)

Request Method: POST
JSON Payload: Array
(
    [case] => getuserpost
    [userid] => 2241
)

Request Method: POST
JSON Payload: Array
(
    [case] => getuserpost
    [userid] => 2239
)

Request Method: POST
JSON Payload: Array
(
    [case] => getuserpost
    [userid] => 2229
)

Request Method: POST
JSON Payload: Array
(
    [case] => getuserpost
    [userid] => 2211
)

Request Method: POST
JSON Payload: Array
(
    [case] => getuserpost
    [userid] => 2139
)

Request Method: POST
JSON Payload: Array
(
    [case] => getuserpost
    [userid] => 2147
)

Request Method: POST
JSON Payload: Array
(
    [case] => getuserpost
    [userid] => 2147
)

Request Method: POST
JSON Payload: Array
(
    [case] => getuserpost
    [userid] => 2103
)

Request Method: POST
JSON Payload: Array
(
    [case] => getuserpost
    [userid] => 2100
)

Request Method: POST
JSON Payload: Array
(
    [case] => getuserpost
    [userid] => 2139
)

Request Method: POST
JSON Payload: Array
(
    [case] => getuserpost
    [userid] => 2251
)

Request Method: POST
JSON Payload: Array
(
    [case] => getuserpost
    [userid] => 197
)

Request Method: POST
JSON Payload: Array
(
    [case] => getuserpost
    [userid] => 197
)

Request Method: POST
JSON Payload: Array
(
    [case] => getuserpost
    [userid] => 197
)

Request Method: POST
JSON Payload: Array
(
    [case] => getuserpost
    [userid] => 2259
)

Request Method: POST
JSON Payload: Array
(
    [case] => getuserpost
    [userid] => 2252
)

Request Method: POST
JSON Payload: Array
(
    [case] => getuserpost
    [userid] => 2251
)

Request Method: POST
JSON Payload: Array
(
    [case] => getuserpost
    [userid] => 2243
)

Request Method: POST
JSON Payload: Array
(
    [case] => getuserpost
    [userid] => 197
)

Request Method: POST
JSON Payload: Array
(
    [case] => getuserpost
    [userid] => 197
)

Request Method: POST
Request Method: POST
JSON Payload: Array
(
    [case] => getuserpost
    [userid] => 2215
)

Request Method: POST
JSON Payload: Array
(
    [case] => getuserpost
    [userid] => 2061
)

Request Method: POST
JSON Payload: Array
(
    [case] => getuserpost
    [userid] => 1996
)

Request Method: POST
JSON Payload: Array
(
    [case] => getuserpost
    [userid] => 1995
)

Request Method: POST
JSON Payload: Array
(
    [case] => getuserpost
    [userid] => 1911
)

Request Method: POST
JSON Payload: Array
(
    [case] => getuserpost
    [userid] => 1151
)

Request Method: POST
JSON Payload: Array
(
    [case] => getuserpost
    [userid] => 697
)

Request Method: POST
Request Method: POST
JSON Payload: Array
(
    [case] => getuserpost
    [userid] => 697
)

Request Method: POST
JSON Payload: Array
(
    [case] => getuserpost
    [userid] => 2139
)

Request Method: POST
JSON Payload: Array
(
    [case] => getuserpost
    [userid] => 2254
)

Request Method: POST
JSON Payload: Array
(
    [case] => getuserpost
    [userid] => 2245
)

Request Method: POST
JSON Payload: Array
(
    [case] => getuserpost
    [userid] => 2237
)

Request Method: POST
JSON Payload: Array
(
    [case] => getuserpost
    [userid] => 2133
)

Request Method: POST
JSON Payload: Array
(
    [case] => getuserpost
    [userid] => 2254
)

Request Method: POST
JSON Payload: Array
(
    [case] => getuserpost
    [userid] => 2211
)

Request Method: POST
JSON Payload: Array
(
    [case] => getuserpost
    [userid] => 2259
)

Request Method: POST
JSON Payload: Array
(
    [case] => getuserpost
    [userid] => 697
)

Request Method: POST
JSON Payload: Array
(
    [case] => getuserpost
    [userid] => 697
)

Request Method: POST
JSON Payload: Array
(
    [case] => getuserpost
    [userid] => 697
)

Request Method: POST
JSON Payload: Array
(
    [case] => getuserpost
    [userid] => 2259
)

Request Method: POST
JSON Payload: Array
(
    [case] => getuserpost
    [userid] => 2252
)

Request Method: POST
JSON Payload: Array
(
    [case] => getuserpost
    [userid] => 2250
)

Request Method: POST
JSON Payload: Array
(
    [case] => getuserpost
    [userid] => 2254
)

Request Method: POST
JSON Payload: Array
(
    [case] => getuserpost
    [userid] => 197
)

Request Method: POST
Request Method: POST
Request Method: POST
JSON Payload: Array
(
    [case] => editpost
    [postid] => 19
    [postdesc] => हे मेरे नाथ मैं तुम्हें ना भूलू
बोलो मेरे राधा गोविंद भगवान की जय हो
डिप्टी सीएम और राज्यपाल राजस्थान मेरे गोविंद के दर्शन करते हुए, सबको पता है मेरा गोविंद ही नैया पार लगायेगा
)

Request Method: POST
JSON Payload: Array
(
    [case] => getuserpost
    [userid] => 2215
)

Request Method: POST
JSON Payload: Array
(
    [case] => getuserpost
    [userid] => 2258
)

Request Method: POST
JSON Payload: Array
(
    [case] => getuserpost
    [userid] => 2139
)

Request Method: POST
JSON Payload: Array
(
    [case] => getuserpost
    [userid] => 2139
)

Request Method: POST
JSON Payload: Array
(
    [case] => getuserpost
    [userid] => 2139
)

Request Method: POST
JSON Payload: Array
(
    [case] => getuserpost
    [userid] => 2139
)

Request Method: POST
JSON Payload: Array
(
    [case] => getuserpost
    [userid] => 2139
)

Request Method: POST
JSON Payload: Array
(
    [case] => getuserpost
    [userid] => 2139
)

Request Method: POST
JSON Payload: Array
(
    [case] => getuserpost
    [userid] => 2139
)

Request Method: POST
JSON Payload: Array
(
    [case] => getuserpost
    [userid] => 2139
)

Request Method: POST
JSON Payload: Array
(
    [case] => getuserpost
    [userid] => 2139
)

Request Method: POST
JSON Payload: Array
(
    [case] => getuserpost
    [userid] => 2139
)

Request Method: POST
JSON Payload: Array
(
    [case] => getuserpost
    [userid] => 2139
)

Request Method: POST
JSON Payload: Array
(
    [case] => getuserpost
    [userid] => 2139
)

Request Method: POST
JSON Payload: Array
(
    [case] => getuserpost
    [userid] => 2139
)

Request Method: POST
Request Method: POST
JSON Payload: Array
(
    [case] => getuserpost
    [userid] => 2139
)

Request Method: POST
JSON Payload: Array
(
    [case] => getuserpost
    [userid] => 2260
)

Request Method: POST
JSON Payload: Array
(
    [case] => getuserpost
    [userid] => 197
)

Request Method: POST
JSON Payload: Array
(
    [case] => getuserpost
    [userid] => 697
)

Request Method: POST
JSON Payload: Array
(
    [case] => getuserpost
    [userid] => 2139
)

Request Method: POST
JSON Payload: Array
(
    [case] => getuserpost
    [userid] => 2260
)

Request Method: POST
JSON Payload: Array
(
    [case] => getuserpost
    [userid] => 2260
)

Request Method: POST
JSON Payload: Array
(
    [case] => getuserpost
    [userid] => 2250
)

Request Method: POST
JSON Payload: Array
(
    [case] => getuserpost
    [userid] => 197
)

Request Method: POST
JSON Payload: Array
(
    [case] => getuserpost
    [userid] => 2139
)

Request Method: POST
JSON Payload: Array
(
    [case] => getuserpost
    [userid] => 2215
)

Request Method: POST
JSON Payload: Array
(
    [case] => getuserpost
    [userid] => 197
)

Request Method: POST
JSON Payload: Array
(
    [case] => getuserpost
    [userid] => 197
)

Request Method: POST
JSON Payload: Array
(
    [case] => getuserpost
    [userid] => 2261
)

Request Method: POST
JSON Payload: Array
(
    [case] => getuserpost
    [userid] => 2231
)

Request Method: POST
JSON Payload: Array
(
    [case] => getuserpost
    [userid] => 2241
)

Request Method: POST
JSON Payload: Array
(
    [case] => getuserpost
    [userid] => 2249
)

Request Method: POST
JSON Payload: Array
(
    [case] => getuserpost
    [userid] => 2251
)

Request Method: POST
JSON Payload: Array
(
    [case] => getuserpost
    [userid] => 2250
)

Request Method: POST
JSON Payload: Array
(
    [case] => getuserpost
    [userid] => 2252
)

Request Method: POST
JSON Payload: Array
(
    [case] => getuserpost
    [userid] => 2259
)

Request Method: POST
JSON Payload: Array
(
    [case] => getuserpost
    [userid] => 2258
)

Request Method: POST
JSON Payload: Array
(
    [case] => getuserpost
    [userid] => 2258
)

Request Method: POST
JSON Payload: Array
(
    [case] => getuserpost
    [userid] => 2261
)

Request Method: POST
JSON Payload: Array
(
    [case] => getuserpost
    [userid] => 197
)

Request Method: POST
JSON Payload: Array
(
    [case] => getuserpost
    [userid] => 2249
)

Request Method: POST
JSON Payload: Array
(
    [case] => getuserpost
    [userid] => 2231
)

Request Method: POST
JSON Payload: Array
(
    [case] => getuserpost
    [userid] => 2231
)

Request Method: POST
JSON Payload: Array
(
    [case] => getuserpost
    [userid] => 2231
)

Request Method: POST
JSON Payload: Array
(
    [case] => getuserpost
    [userid] => 2251
)

Request Method: POST
JSON Payload: Array
(
    [case] => getuserpost
    [userid] => 2215
)

Request Method: POST
JSON Payload: Array
(
    [case] => getuserpost
    [userid] => 2265
)

Request Method: POST
JSON Payload: Array
(
    [case] => getuserpost
    [userid] => 2265
)

Request Method: POST
JSON Payload: Array
(
    [case] => getuserpost
    [userid] => 2265
)

Request Method: POST
JSON Payload: Array
(
    [case] => getuserpost
    [userid] => 2262
)

Request Method: POST
JSON Payload: Array
(
    [case] => getuserpost
    [userid] => 2263
)

Request Method: POST
JSON Payload: Array
(
    [case] => getuserpost
    [userid] => 2263
)

Request Method: POST
JSON Payload: Array
(
    [case] => getuserpost
    [userid] => 2265
)

Request Method: POST
JSON Payload: Array
(
    [case] => getuserpost
    [userid] => 2231
)

Request Method: POST
JSON Payload: Array
(
    [case] => getuserpost
    [userid] => 2234
)

Request Method: POST
JSON Payload: Array
(
    [case] => getuserpost
    [userid] => 2228
)

Request Method: POST
JSON Payload: Array
(
    [case] => getuserpost
    [userid] => 2264
)

Request Method: POST
JSON Payload: Array
(
    [case] => getuserpost
    [userid] => 1108
)

Request Method: POST
JSON Payload: Array
(
    [case] => getuserpost
    [userid] => 1142
)

Request Method: POST
JSON Payload: Array
(
    [case] => getuserpost
    [userid] => 1016
)

Request Method: POST
JSON Payload: Array
(
    [case] => getuserpost
    [userid] => 637
)

Request Method: POST
JSON Payload: Array
(
    [case] => getuserpost
    [userid] => 197
)

Request Method: POST
JSON Payload: Array
(
    [case] => getuserpost
    [userid] => 197
)

Request Method: POST
JSON Payload: Array
(
    [case] => getuserpost
    [userid] => 2231
)

Request Method: POST
JSON Payload: Array
(
    [case] => getuserpost
    [userid] => 2247
)

Request Method: POST
JSON Payload: Array
(
    [case] => getuserpost
    [userid] => 2266
)

Request Method: POST
JSON Payload: Array
(
    [case] => getuserpost
    [userid] => 2266
)

Request Method: POST
JSON Payload: Array
(
    [case] => getuserpost
    [userid] => 2215
)

Request Method: POST
Request Method: POST
Request Method: POST
JSON Payload: Array
(
    [case] => getuserpost
    [userid] => 197
)

Request Method: POST
JSON Payload: Array
(
    [case] => getuserpost
    [userid] => 197
)

Request Method: POST
JSON Payload: Array
(
    [case] => getuserpost
    [userid] => 2266
)

Request Method: POST
JSON Payload: Array
(
    [case] => getuserpost
    [userid] => 2266
)

Request Method: POST
JSON Payload: Array
(
    [case] => getuserpost
    [userid] => 197
)

Request Method: POST
JSON Payload: Array
(
    [case] => getuserpost
    [userid] => 197
    [offset] => 6
    [more] => 1
)

Request Method: POST
JSON Payload: Array
(
    [case] => getuserpost
    [userid] => 197
    [offset] => 6
    [more] => 1
)

Request Method: POST
JSON Payload: Array
(
    [case] => getuserpost
    [userid] => 2215
)

Request Method: POST
JSON Payload: Array
(
    [case] => getuserpost
    [userid] => 2215
)

Request Method: POST
JSON Payload: Array
(
    [case] => getuserpost
    [userid] => 2267
)

Request Method: POST
JSON Payload: Array
(
    [case] => getuserpost
    [userid] => 2268
)

Request Method: POST
JSON Payload: Array
(
    [case] => getuserpost
    [userid] => 2266
)

Request Method: POST
JSON Payload: Array
(
    [case] => getuserpost
    [userid] => 2264
)

Request Method: POST
JSON Payload: Array
(
    [case] => getuserpost
    [userid] => 2142
)

Request Method: POST
JSON Payload: Array
(
    [case] => getuserpost
    [userid] => 2137
)

Request Method: POST
JSON Payload: Array
(
    [case] => getuserpost
    [userid] => 2131
)

Request Method: POST
JSON Payload: Array
(
    [case] => getuserpost
    [userid] => 1921
)

Request Method: POST
JSON Payload: Array
(
    [case] => getuserpost
    [userid] => 1576
)

Request Method: POST
JSON Payload: Array
(
    [case] => getuserpost
    [userid] => 1451
)

Request Method: POST
JSON Payload: Array
(
    [case] => getuserpost
    [userid] => 1142
)

Request Method: POST
JSON Payload: Array
(
    [case] => getuserpost
    [userid] => 794
)

Request Method: POST
JSON Payload: Array
(
    [case] => getuserpost
    [userid] => 694
)

Request Method: POST
JSON Payload: Array
(
    [case] => getuserpost
    [userid] => 493
)

Request Method: POST
JSON Payload: Array
(
    [case] => getuserpost
    [userid] => 481
)

Request Method: POST
JSON Payload: Array
(
    [case] => getuserpost
    [userid] => 462
)

Request Method: POST
JSON Payload: Array
(
    [case] => getuserpost
    [userid] => 359
)

Request Method: POST
JSON Payload: Array
(
    [case] => getuserpost
    [userid] => 341
)

Request Method: POST
JSON Payload: Array
(
    [case] => getuserpost
    [userid] => 2269
)

Request Method: POST
JSON Payload: Array
(
    [case] => getuserpost
    [userid] => 2245
)

Request Method: POST
JSON Payload: Array
(
    [case] => getuserpost
    [userid] => 2268
)

Request Method: POST
JSON Payload: Array
(
    [case] => getuserpost
    [userid] => 2270
)

Request Method: POST
JSON Payload: Array
(
    [case] => getuserpost
    [userid] => 2270
)

Request Method: POST
JSON Payload: Array
(
    [case] => getuserpost
    [userid] => 2270
)

Request Method: POST
JSON Payload: Array
(
    [case] => getuserpost
    [userid] => 2270
)

Request Method: POST
JSON Payload: Array
(
    [case] => getuserpost
    [userid] => 2270
)

Request Method: POST
JSON Payload: Array
(
    [case] => getuserpost
    [userid] => 2267
)

Request Method: POST
JSON Payload: Array
(
    [case] => getuserpost
    [userid] => 2269
)

Request Method: POST
JSON Payload: Array
(
    [case] => getuserpost
    [userid] => 197
)

Request Method: POST
JSON Payload: Array
(
    [case] => getuserpost
    [userid] => 197
    [offset] => 6
    [more] => 1
)

Request Method: POST
JSON Payload: Array
(
    [case] => getuserpost
    [userid] => 197
    [offset] => 6
    [more] => 1
)

Request Method: POST
JSON Payload: Array
(
    [case] => getuserpost
    [userid] => 2270
)

Request Method: POST
JSON Payload: Array
(
    [case] => getuserpost
    [userid] => 1016
)

Request Method: POST
JSON Payload: Array
(
    [case] => getuserpost
    [userid] => 2270
)

Request Method: POST
JSON Payload: Array
(
    [case] => getuserpost
    [userid] => 2270
)

Request Method: POST
JSON Payload: Array
(
    [case] => getuserpost
    [userid] => 2270
)

Request Method: POST
JSON Payload: Array
(
    [case] => getuserpost
    [userid] => 350
)

Request Method: POST
JSON Payload: Array
(
    [case] => getuserpost
    [userid] => 336
)

Request Method: POST
JSON Payload: Array
(
    [case] => getuserpost
    [userid] => 2273
)

Request Method: POST
JSON Payload: Array
(
    [case] => getuserpost
    [userid] => 2273
)

Request Method: POST
JSON Payload: Array
(
    [case] => getuserpost
    [userid] => 965
)

Request Method: POST
JSON Payload: Array
(
    [case] => getuserpost
    [userid] => 2273
)

Request Method: POST
JSON Payload: Array
(
    [case] => getuserpost
    [userid] => 2273
)

Request Method: POST
JSON Payload: Array
(
    [case] => getuserpost
    [userid] => 2273
)

Request Method: POST
JSON Payload: Array
(
    [case] => getuserpost
    [userid] => 2273
)

Request Method: POST
JSON Payload: Array
(
    [case] => getuserpost
    [userid] => 2273
)

Request Method: POST
JSON Payload: Array
(
    [case] => getuserpost
    [userid] => 2273
)

Request Method: POST
JSON Payload: Array
(
    [case] => getuserpost
    [userid] => 2273
)

Request Method: POST
JSON Payload: Array
(
    [case] => getuserpost
    [userid] => 2271
)

Request Method: POST
JSON Payload: Array
(
    [case] => getuserpost
    [userid] => 2267
)

Request Method: POST
JSON Payload: Array
(
    [case] => getuserpost
    [userid] => 2211
)

Request Method: POST
JSON Payload: Array
(
    [case] => getuserpost
    [userid] => 2211
    [offset] => 18
    [more] => 1
)

Request Method: POST
JSON Payload: Array
(
    [case] => getuserpost
    [userid] => 2211
    [offset] => 18
    [more] => 1
)

Request Method: POST
JSON Payload: Array
(
    [case] => getuserpost
    [userid] => 2211
    [offset] => 18
    [more] => 1
)

Request Method: POST
JSON Payload: Array
(
    [case] => getuserpost
    [userid] => 2211
    [offset] => 18
    [more] => 1
)

Request Method: POST
JSON Payload: Array
(
    [case] => getuserpost
    [userid] => 2211
    [offset] => 18
    [more] => 1
)

Request Method: POST
JSON Payload: Array
(
    [case] => getuserpost
    [userid] => 2211
    [offset] => 18
    [more] => 1
)

Request Method: POST
JSON Payload: Array
(
    [case] => getuserpost
    [userid] => 2211
    [offset] => 18
    [more] => 1
)

Request Method: POST
JSON Payload: Array
(
    [case] => getuserpost
    [userid] => 2211
    [offset] => 18
    [more] => 1
)

Request Method: POST
JSON Payload: Array
(
    [case] => getuserpost
    [userid] => 2211
)

Request Method: POST
JSON Payload: Array
(
    [case] => getuserpost
    [userid] => 2211
)

Request Method: POST
JSON Payload: Array
(
    [case] => getuserpost
    [userid] => 2211
)

Request Method: POST
JSON Payload: Array
(
    [case] => getuserpost
    [userid] => 2211
)

Request Method: POST
JSON Payload: Array
(
    [case] => getuserpost
    [userid] => 2268
)

Request Method: POST
JSON Payload: Array
(
    [case] => getuserpost
    [userid] => 2268
)

Request Method: POST
JSON Payload: Array
(
    [case] => getuserpost
    [userid] => 197
)

Request Method: POST
JSON Payload: Array
(
    [case] => getuserpost
    [userid] => 197
    [offset] => 18
    [more] => 1
)

Request Method: POST
JSON Payload: Array
(
    [case] => getuserpost
    [userid] => 197
    [offset] => 18
    [more] => 1
)

Request Method: POST
JSON Payload: Array
(
    [case] => getuserpost
    [userid] => 197
    [offset] => 18
    [more] => 1
)

Request Method: POST
JSON Payload: Array
(
    [case] => getuserpost
    [userid] => 2139
)

Request Method: POST
JSON Payload: Array
(
    [case] => getuserpost
    [userid] => 2268
)

Request Method: POST
Request Method: POST
JSON Payload: Array
(
    [case] => getuserpost
    [userid] => 2272
)

Request Method: POST
JSON Payload: Array
(
    [case] => getuserpost
    [userid] => 2274
)

Request Method: POST
JSON Payload: Array
(
    [case] => getuserpost
    [userid] => 2274
)

Request Method: POST
JSON Payload: Array
(
    [case] => getuserpost
    [userid] => 2274
)

Request Method: POST
JSON Payload: Array
(
    [case] => getuserpost
    [userid] => 2267
)

Request Method: POST
JSON Payload: Array
(
    [case] => getuserpost
    [userid] => 2271
)

Request Method: POST
JSON Payload: Array
(
    [case] => getuserpost
    [userid] => 2269
)

Request Method: POST
JSON Payload: Array
(
    [case] => getuserpost
    [userid] => 2267
)

Request Method: POST
JSON Payload: Array
(
    [case] => getuserpost
    [userid] => 2263
)

Request Method: POST
JSON Payload: Array
(
    [case] => getuserpost
    [userid] => 2265
)

Request Method: POST
JSON Payload: Array
(
    [case] => getuserpost
    [userid] => 2262
)

Request Method: POST
JSON Payload: Array
(
    [case] => getuserpost
    [userid] => 2261
)

Request Method: POST
JSON Payload: Array
(
    [case] => getuserpost
    [userid] => 2259
)

Request Method: POST
JSON Payload: Array
(
    [case] => getuserpost
    [userid] => 2260
)

Request Method: POST
JSON Payload: Array
(
    [case] => getuserpost
    [userid] => 2261
)

Request Method: POST
JSON Payload: Array
(
    [case] => getuserpost
    [userid] => 2259
)

Request Method: POST
JSON Payload: Array
(
    [case] => getuserpost
    [userid] => 2250
)

Request Method: POST
JSON Payload: Array
(
    [case] => getuserpost
    [userid] => 2249
)

Request Method: POST
JSON Payload: Array
(
    [case] => getuserpost
    [userid] => 2247
)

Request Method: POST
JSON Payload: Array
(
    [case] => getuserpost
    [userid] => 2139
)

Request Method: POST
JSON Payload: Array
(
    [case] => getuserpost
    [userid] => 2139
)

Request Method: POST
JSON Payload: Array
(
    [case] => getuserpost
    [userid] => 2264
)

Request Method: POST
JSON Payload: Array
(
    [case] => getuserpost
    [userid] => 2264
)

Request Method: POST
JSON Payload: Array
(
    [case] => getuserpost
    [userid] => 2254
)

Request Method: POST
JSON Payload: Array
(
    [case] => getuserpost
    [userid] => 2267
)

Request Method: POST
JSON Payload: Array
(
    [case] => getuserpost
    [userid] => 2259
)

Request Method: POST
JSON Payload: Array
(
    [case] => getuserpost
    [userid] => 2250
)

Request Method: POST
JSON Payload: Array
(
    [case] => getuserpost
    [userid] => 2270
)

Request Method: POST
JSON Payload: Array
(
    [case] => getuserpost
    [userid] => 2272
)

Request Method: POST
JSON Payload: Array
(
    [case] => getuserpost
    [userid] => 2254
)

Request Method: POST
JSON Payload: Array
(
    [case] => getuserpost
    [userid] => 2211
)

Request Method: POST
JSON Payload: Array
(
    [case] => getuserpost
    [userid] => 2211
)

Request Method: POST
JSON Payload: Array
(
    [case] => getuserpost
    [userid] => 2211
)

Request Method: POST
JSON Payload: Array
(
    [case] => getuserpost
    [userid] => 2262
)

Request Method: POST
JSON Payload: Array
(
    [case] => getuserpost
    [userid] => 2262
)

Request Method: POST
JSON Payload: Array
(
    [case] => getuserpost
    [userid] => 2211
)

Request Method: POST
JSON Payload: Array
(
    [case] => getuserpost
    [userid] => 2023
)

Request Method: POST
JSON Payload: Array
(
    [case] => getuserpost
    [userid] => 2274
)

Request Method: POST
JSON Payload: Array
(
    [case] => getuserpost
    [userid] => 697
)

Request Method: POST
JSON Payload: Array
(
    [case] => getuserpost
    [userid] => 197
)

Request Method: POST
JSON Payload: Array
(
    [case] => getuserpost
    [userid] => 197
    [offset] => 12
    [more] => 1
)

Request Method: POST
JSON Payload: Array
(
    [case] => getuserpost
    [userid] => 197
    [offset] => 12
    [more] => 1
)

Request Method: POST
JSON Payload: Array
(
    [case] => getuserpost
    [userid] => 197
    [offset] => 12
    [more] => 1
)

Request Method: POST
JSON Payload: Array
(
    [case] => getuserpost
    [userid] => 697
)

Request Method: POST
JSON Payload: Array
(
    [case] => getuserpost
    [userid] => 697
)

Request Method: POST
JSON Payload: Array
(
    [case] => getuserpost
    [userid] => 2211
)

Request Method: POST
JSON Payload: Array
(
    [case] => deletepost
    [postid] => 13
)

Request Method: POST
JSON Payload: Array
(
    [case] => getuserpost
    [userid] => 2211
)

Request Method: POST
JSON Payload: Array
(
    [case] => deletepost
    [postid] => 5
)

Request Method: POST
JSON Payload: Array
(
    [case] => getuserpost
    [userid] => 2211
)

Request Method: POST
JSON Payload: Array
(
    [case] => deletepost
    [postid] => 4
)

Request Method: POST
JSON Payload: Array
(
    [case] => getuserpost
    [userid] => 2211
)

Request Method: POST
JSON Payload: Array
(
    [case] => getuserpost
    [userid] => 2211
)

Request Method: POST
JSON Payload: Array
(
    [case] => getuserpost
    [userid] => 2275
)

Request Method: POST
JSON Payload: Array
(
    [case] => getuserpost
    [userid] => 2275
)

Request Method: POST
JSON Payload: Array
(
    [case] => getuserpost
    [userid] => 2275
)

Request Method: POST
JSON Payload: Array
(
    [case] => getuserpost
    [userid] => 2275
)

Request Method: POST
JSON Payload: Array
(
    [case] => getuserpost
    [userid] => 2275
)

Request Method: POST
JSON Payload: Array
(
    [case] => getuserpost
    [userid] => 2271
)

Request Method: POST
JSON Payload: Array
(
    [case] => getuserpost
    [userid] => 2269
)

Request Method: POST
JSON Payload: Array
(
    [case] => getuserpost
    [userid] => 2271
)

Request Method: POST
JSON Payload: Array
(
    [case] => getuserpost
    [userid] => 2274
)

Request Method: POST
JSON Payload: Array
(
    [case] => getuserpost
    [userid] => 2259
)

Request Method: POST
JSON Payload: Array
(
    [case] => getuserpost
    [userid] => 2272
)

Request Method: POST
JSON Payload: Array
(
    [case] => getuserpost
    [userid] => 2215
)

Request Method: POST
JSON Payload: Array
(
    [case] => getuserpost
    [userid] => 2264
)

Request Method: POST
JSON Payload: Array
(
    [case] => getuserpost
    [userid] => 2275
)

Request Method: POST
JSON Payload: Array
(
    [case] => getuserpost
    [userid] => 2275
)

Request Method: POST
JSON Payload: Array
(
    [case] => getuserpost
    [userid] => 2270
)

Request Method: POST
Request Method: POST
JSON Payload: Array
(
    [case] => getuserpost
    [userid] => 197
)

Request Method: POST
JSON Payload: Array
(
    [case] => getuserpost
    [userid] => 2271
)

Request Method: POST
JSON Payload: Array
(
    [case] => getuserpost
    [userid] => 2270
)

Request Method: POST
JSON Payload: Array
(
    [case] => getuserpost
    [userid] => 2270
)

Request Method: POST
JSON Payload: Array
(
    [case] => getuserpost
    [userid] => 2270
)

Request Method: POST
JSON Payload: Array
(
    [case] => getuserpost
    [userid] => 2270
)

Request Method: POST
JSON Payload: Array
(
    [case] => getuserpost
    [userid] => 2270
)

Request Method: POST
JSON Payload: Array
(
    [case] => getuserpost
    [userid] => 2278
)

Request Method: POST
JSON Payload: Array
(
    [case] => getuserpost
    [userid] => 2270
)

Request Method: POST
JSON Payload: Array
(
    [case] => getuserpost
    [userid] => 2282
)

Request Method: POST
JSON Payload: Array
(
    [case] => getuserpost
    [userid] => 2259
)

Request Method: POST
JSON Payload: Array
(
    [case] => getuserpost
    [userid] => 2249
)

Request Method: POST
JSON Payload: Array
(
    [case] => getuserpost
    [userid] => 2250
)

Request Method: POST
JSON Payload: Array
(
    [case] => getuserpost
    [userid] => 2252
)

Request Method: POST
JSON Payload: Array
(
    [case] => getuserpost
    [userid] => 2260
)

Request Method: POST
JSON Payload: Array
(
    [case] => getuserpost
    [userid] => 2250
)

Request Method: POST
JSON Payload: Array
(
    [case] => getuserpost
    [userid] => 2239
)

Request Method: POST
JSON Payload: Array
(
    [case] => getuserpost
    [userid] => 2271
)

Request Method: POST
JSON Payload: Array
(
    [case] => getuserpost
    [userid] => 2279
)

Request Method: POST
JSON Payload: Array
(
    [case] => getuserpost
    [userid] => 2279
)

Request Method: POST
JSON Payload: Array
(
    [case] => getuserpost
    [userid] => 2282
)

Request Method: POST
JSON Payload: Array
(
    [case] => getuserpost
    [userid] => 2283
)

Request Method: POST
JSON Payload: Array
(
    [case] => getuserpost
    [userid] => 2283
)

Request Method: POST
JSON Payload: Array
(
    [case] => getuserpost
    [userid] => 2283
)

Request Method: POST
JSON Payload: Array
(
    [case] => getuserpost
    [userid] => 2282
)

Request Method: POST
JSON Payload: Array
(
    [case] => getuserpost
    [userid] => 2270
)

Request Method: POST
JSON Payload: Array
(
    [case] => getuserpost
    [userid] => 2283
)

Request Method: POST
JSON Payload: Array
(
    [case] => getuserpost
    [userid] => 197
)

Request Method: POST
JSON Payload: Array
(
    [case] => getuserpost
    [userid] => 197
)

Request Method: POST
JSON Payload: Array
(
    [case] => getuserpost
    [userid] => 197
    [offset] => 6
    [more] => 1
)

Request Method: POST
JSON Payload: Array
(
    [case] => getuserpost
    [userid] => 2270
)

Request Method: POST
JSON Payload: Array
(
    [case] => getuserpost
    [userid] => 2275
)

Request Method: POST
JSON Payload: Array
(
    [case] => getuserpost
    [userid] => 2275
)

Request Method: POST
JSON Payload: Array
(
    [case] => getuserpost
    [userid] => 2215
)

Request Method: POST
JSON Payload: Array
(
    [case] => getuserpost
    [userid] => 2268
)

Request Method: POST
JSON Payload: Array
(
    [case] => getuserpost
    [userid] => 2231
)

Request Method: POST
JSON Payload: Array
(
    [case] => getuserpost
    [userid] => 2278
)

Request Method: POST
JSON Payload: Array
(
    [case] => getuserpost
    [userid] => 197
)

Request Method: POST
JSON Payload: Array
(
    [case] => getuserpost
    [userid] => 2275
)

Request Method: POST
JSON Payload: Array
(
    [case] => getuserpost
    [userid] => 2275
)

Request Method: POST
JSON Payload: Array
(
    [case] => getuserpost
    [userid] => 2264
)

Request Method: POST
JSON Payload: Array
(
    [case] => getuserpost
    [userid] => 2245
)

Request Method: POST
JSON Payload: Array
(
    [case] => getuserpost
    [userid] => 1576
)

Request Method: POST
JSON Payload: Array
(
    [case] => getuserpost
    [userid] => 1479
)

Request Method: POST
JSON Payload: Array
(
    [case] => getuserpost
    [userid] => 1150
)

Request Method: POST
JSON Payload: Array
(
    [case] => getuserpost
    [userid] => 1016
)

Request Method: POST
JSON Payload: Array
(
    [case] => getuserpost
    [userid] => 626
)

Request Method: POST
JSON Payload: Array
(
    [case] => getuserpost
    [userid] => 605
)

Request Method: POST
JSON Payload: Array
(
    [case] => getuserpost
    [userid] => 520
)

Request Method: POST
JSON Payload: Array
(
    [case] => getuserpost
    [userid] => 514
)

Request Method: POST
JSON Payload: Array
(
    [case] => getuserpost
    [userid] => 462
)

Request Method: POST
JSON Payload: Array
(
    [case] => getuserpost
    [userid] => 387
)

Request Method: POST
JSON Payload: Array
(
    [case] => getuserpost
    [userid] => 393
)

Request Method: POST
JSON Payload: Array
(
    [case] => getuserpost
    [userid] => 375
)

Request Method: POST
JSON Payload: Array
(
    [case] => getuserpost
    [userid] => 375
)

Request Method: POST
JSON Payload: Array
(
    [case] => getuserpost
    [userid] => 376
)

Request Method: POST
JSON Payload: Array
(
    [case] => getuserpost
    [userid] => 343
)

Request Method: POST
JSON Payload: Array
(
    [case] => getuserpost
    [userid] => 337
)

Request Method: POST
JSON Payload: Array
(
    [case] => getuserpost
    [userid] => 341
)

Request Method: POST
JSON Payload: Array
(
    [case] => getuserpost
    [userid] => 266
)

Request Method: POST
JSON Payload: Array
(
    [case] => getuserpost
    [userid] => 197
)

Request Method: POST
JSON Payload: Array
(
    [case] => getuserpost
    [userid] => 344
)

Request Method: POST
JSON Payload: Array
(
    [case] => getuserpost
    [userid] => 197
)

Request Method: POST
JSON Payload: Array
(
    [case] => getuserpost
    [userid] => 2270
)

Request Method: POST
JSON Payload: Array
(
    [case] => getuserpost
    [userid] => 2282
)

Request Method: POST
JSON Payload: Array
(
    [case] => getuserpost
    [userid] => 197
)

Request Method: POST
JSON Payload: Array
(
    [case] => getuserpost
    [userid] => 2275
)

Request Method: POST
JSON Payload: Array
(
    [case] => getuserpost
    [userid] => 2273
)

Request Method: POST
JSON Payload: Array
(
    [case] => getuserpost
    [userid] => 2275
)

Request Method: POST
JSON Payload: Array
(
    [case] => getuserpost
    [userid] => 2268
)

Request Method: POST
JSON Payload: Array
(
    [case] => getuserpost
    [userid] => 2273
)

Request Method: POST
JSON Payload: Array
(
    [case] => getuserpost
    [userid] => 2264
)

Request Method: POST
JSON Payload: Array
(
    [case] => getuserpost
    [userid] => 2215
)

Request Method: POST
JSON Payload: Array
(
    [case] => getuserpost
    [userid] => 197
)

Request Method: POST
JSON Payload: Array
(
    [case] => getuserpost
    [userid] => 197
)

Request Method: POST
JSON Payload: Array
(
    [case] => getuserpost
    [userid] => 197
)

Request Method: POST
JSON Payload: Array
(
    [case] => getuserpost
    [userid] => 197
)

Request Method: POST
JSON Payload: Array
(
    [case] => getuserpost
    [userid] => 2139
)

Request Method: POST
JSON Payload: Array
(
    [case] => getuserpost
    [userid] => 2215
)

Request Method: POST
JSON Payload: Array
(
    [case] => getuserpost
    [userid] => 2266
)

Request Method: POST
Request Method: POST
Request Method: POST
JSON Payload: Array
(
    [case] => getuserpost
    [userid] => 2270
)

Request Method: POST
JSON Payload: Array
(
    [case] => getuserpost
    [userid] => 197
)

Request Method: POST
JSON Payload: Array
(
    [case] => getuserpost
    [userid] => 197
    [offset] => 6
    [more] => 1
)

Request Method: POST
JSON Payload: Array
(
    [case] => getuserpost
    [userid] => 197
    [offset] => 6
    [more] => 1
)

Request Method: POST
JSON Payload: Array
(
    [case] => getuserpost
    [userid] => 2282
)

Request Method: POST
JSON Payload: Array
(
    [case] => getuserpost
    [userid] => 697
)

Request Method: POST
JSON Payload: Array
(
    [case] => getuserpost
    [userid] => 197
)

Request Method: POST
JSON Payload: Array
(
    [case] => getuserpost
    [userid] => 197
)

Request Method: POST
JSON Payload: Array
(
    [case] => getuserpost
    [userid] => 197
)

Request Method: POST
JSON Payload: Array
(
    [case] => getuserpost
    [userid] => 2253
)

Request Method: POST
JSON Payload: Array
(
    [case] => getuserpost
    [userid] => 2251
)

Request Method: POST
JSON Payload: Array
(
    [case] => getuserpost
    [userid] => 2249
)

Request Method: POST
JSON Payload: Array
(
    [case] => getuserpost
    [userid] => 2228
)

Request Method: POST
JSON Payload: Array
(
    [case] => getuserpost
    [userid] => 2214
)

Request Method: POST
Request Method: POST
JSON Payload: Array
(
    [case] => getuserpost
    [userid] => 2215
)

Request Method: POST
JSON Payload: Array
(
    [case] => getuserpost
    [userid] => 2273
)

Request Method: POST
JSON Payload: Array
(
    [case] => getuserpost
    [userid] => 1589
)

Request Method: POST
JSON Payload: Array
(
    [case] => getuserpost
    [userid] => 2275
)

Request Method: POST
JSON Payload: Array
(
    [case] => getuserpost
    [userid] => 2275
)

Request Method: POST
JSON Payload: Array
(
    [case] => getuserpost
    [userid] => 2265
)

Request Method: POST
JSON Payload: Array
(
    [case] => getuserpost
    [userid] => 2283
)

Request Method: POST
JSON Payload: Array
(
    [case] => getuserpost
    [userid] => 197
)

Request Method: POST
JSON Payload: Array
(
    [case] => getuserpost
    [userid] => 197
    [offset] => 6
    [more] => 1
)

Request Method: POST
JSON Payload: Array
(
    [case] => getuserpost
    [userid] => 197
    [offset] => 6
    [more] => 1
)

Request Method: POST
JSON Payload: Array
(
    [case] => getuserpost
    [userid] => 2275
)

Request Method: POST
JSON Payload: Array
(
    [case] => getuserpost
    [userid] => 214
)

Request Method: POST
JSON Payload: Array
(
    [case] => getuserpost
    [userid] => 2268
)

Request Method: POST
JSON Payload: Array
(
    [case] => getuserpost
    [userid] => 1151
)

Request Method: POST
JSON Payload: Array
(
    [case] => getuserpost
    [userid] => 2275
)

Request Method: POST
JSON Payload: Array
(
    [case] => getuserpost
    [userid] => 197
)

Request Method: POST
JSON Payload: Array
(
    [case] => getuserpost
    [userid] => 197
    [offset] => 6
    [more] => 1
)

Request Method: POST
JSON Payload: Array
(
    [case] => getuserpost
    [userid] => 2275
)

Request Method: POST
JSON Payload: Array
(
    [case] => getuserpost
    [userid] => 197
)

Request Method: POST
JSON Payload: Array
(
    [case] => getuserpost
    [userid] => 2285
)

Request Method: POST
JSON Payload: Array
(
    [case] => getuserpost
    [userid] => 2215
)

Request Method: POST
JSON Payload: Array
(
    [case] => getuserpost
    [userid] => 197
)

